\BOOKMARK [1][-]{section.1}{\376\377\000I\000n\000t\000r\000o\000d\000u\000c\000t\000i\000o\000n}{}% 1
\BOOKMARK [2][-]{subsection.1.1}{\376\377\000F\000l\000o\000a\000t\000i\000n\000g\000\040\000P\000o\000i\000n\000t\000\040\000R\000e\000p\000r\000e\000s\000e\000n\000t\000a\000t\000i\000o\000n}{section.1}% 2
\BOOKMARK [2][-]{subsection.1.2}{\376\377\000R\000a\000n\000g\000e\000\040}{section.1}% 3
\BOOKMARK [2][-]{subsection.1.3}{\376\377\000E\000E\000E\000\040\0007\0005\0004\000\040\000e\000n\000c\000o\000d\000i\000n\000g\000\040\000o\000f\000\040\000f\000l\000o\000a\000t\000i\000n\000g\000\040\000p\000o\000i\000n\000t\000\040\000n\000u\000m\000b\000e\000r\000s}{section.1}% 4
\BOOKMARK [2][-]{subsection.1.4}{\376\377\000D\000e\000n\000o\000r\000m\000a\000l\000i\000z\000e\000d\000\040\000N\000u\000m\000b\000e\000r}{section.1}% 5
\BOOKMARK [2][-]{subsection.1.5}{\376\377\000F\000l\000o\000a\000t\000i\000n\000g\000\040\000P\000o\000i\000n\000t\000\040\000N\000u\000m\000b\000e\000r\000\040\000A\000d\000d\000i\000t\000i\000o\000n}{section.1}% 6
\BOOKMARK [1][-]{section.2}{\376\377\000P\000r\000o\000b\000l\000e\000m\000\040\000S\000p\000e\000c\000i\000f\000i\000c\000a\000t\000i\000o\000n}{}% 7
\BOOKMARK [1][-]{section.3}{\376\377\000D\000e\000s\000c\000r\000i\000p\000t\000i\000o\000n\000\040\000a\000n\000d\000\040\000C\000i\000r\000c\000u\000i\000t\000\040\000D\000i\000a\000g\000r\000a\000m\000\040\000o\000f\000\040\000M\000o\000d\000u\000l\000e\000s}{}% 8
\BOOKMARK [2][-]{subsection.3.1}{\376\377\000P\000r\000o\000c\000e\000s\000s\000i\000n\000g\000\040\000t\000h\000e\000\040\000I\000n\000p\000u\000t}{section.3}% 9
\BOOKMARK [2][-]{subsection.3.2}{\376\377\000A\000d\000d\000e\000r\000\040\000L\000i\000b\000r\000a\000r\000y}{section.3}% 10
\BOOKMARK [2][-]{subsection.3.3}{\376\377\000C\000h\000e\000c\000k\000e\000r\000\040\000L\000i\000b\000r\000a\000r\000y}{section.3}% 11
\BOOKMARK [2][-]{subsection.3.4}{\376\377\000S\000h\000i\000f\000t\000e\000r\000\040\000L\000i\000b\000r\000a\000r\000y}{section.3}% 12
\BOOKMARK [2][-]{subsection.3.5}{\376\377\000N\000o\000r\000m\000a\000l\000i\000z\000e\000r\000\040\000L\000i\000b\000r\000a\000r\000y}{section.3}% 13
\BOOKMARK [2][-]{subsection.3.6}{\376\377\000R\000o\000u\000n\000d\000e\000r}{section.3}% 14
\BOOKMARK [2][-]{subsection.3.7}{\376\377\000R\000o\000u\000n\000d\000e\000d\000\040\000N\000o\000r\000m\000a\000l\000i\000z\000e\000r}{section.3}% 15
\BOOKMARK [2][-]{subsection.3.8}{\376\377\000F\000l\000a\000g\000\040\000C\000h\000e\000c\000k\000e\000r}{section.3}% 16
\BOOKMARK [2][-]{subsection.3.9}{\376\377\000O\000u\000t\000p\000u\000t\000\040\000P\000r\000e\000s\000e\000n\000t\000e\000r}{section.3}% 17
\BOOKMARK [1][-]{section.4}{\376\377\000F\000l\000o\000a\000t\000i\000n\000g\000\040\000P\000o\000i\000n\000t\000\040\000A\000d\000d\000e\000r}{}% 18
\BOOKMARK [1][-]{section.5}{\376\377\000F\000l\000o\000w\000c\000h\000a\000r\000t\000\040\000o\000f\000\040\000t\000h\000e\000\040\000A\000d\000d\000i\000t\000i\000o\000n\000/\000S\000u\000b\000t\000r\000a\000c\000t\000i\000o\000n\000\040\000A\000l\000g\000o\000r\000i\000t\000h\000m}{}% 19
\BOOKMARK [1][-]{section.6}{\376\377\000C\000o\000m\000p\000r\000e\000h\000e\000n\000s\000i\000v\000e\000\040\000D\000e\000s\000i\000g\000n\000\040\000D\000e\000s\000c\000r\000i\000p\000t\000i\000o\000n}{}% 20
\BOOKMARK [2][-]{subsection.6.1}{\376\377\000C\000o\000m\000p\000a\000r\000i\000n\000g\000\040\000t\000h\000e\000\040\000E\000x\000p\000o\000n\000e\000n\000t\000s\000\040\000a\000n\000d\000\040\000A\000l\000i\000g\000n\000i\000n\000g\000\040\000R\000a\000d\000i\000x\000\040\000P\000o\000i\000n\000t}{section.6}% 21
\BOOKMARK [2][-]{subsection.6.2}{\376\377\000S\000h\000i\000f\000t\000i\000n\000g}{section.6}% 22
\BOOKMARK [2][-]{subsection.6.3}{\376\377\000N\000o\000r\000m\000a\000l\000i\000z\000a\000t\000i\000o\000n}{section.6}% 23
\BOOKMARK [2][-]{subsection.6.4}{\376\377\000R\000o\000u\000n\000d\000i\000n\000g}{section.6}% 24
\BOOKMARK [2][-]{subsection.6.5}{\376\377\000R\000o\000u\000n\000d\000e\000d\000\040\000N\000o\000r\000m\000a\000l\000i\000z\000a\000t\000i\000o\000n}{section.6}% 25
\BOOKMARK [2][-]{subsection.6.6}{\376\377\000F\000l\000a\000g\000\040\000C\000h\000e\000c\000k\000i\000n\000g}{section.6}% 26
\BOOKMARK [1][-]{section.7}{\376\377\000I\000C\000s\000\040\000U\000s\000e\000d\000\040\000w\000i\000t\000h\000\040\000C\000o\000u\000n\000t\000\040\000a\000s\000\040\000a\000\040\000C\000h\000a\000r\000t}{}% 27
\BOOKMARK [1][-]{section.8}{\376\377\000S\000i\000m\000u\000l\000a\000t\000o\000r\000\040\000u\000s\000e\000d\000\040\000A\000l\000o\000n\000g\000\040\000w\000i\000t\000h\000\040\000t\000h\000e\000\040\000V\000e\000r\000s\000i\000o\000n\000\040\000N\000u\000m\000b\000e\000r}{}% 28
\BOOKMARK [1][-]{section.9}{\376\377\000D\000i\000s\000c\000u\000s\000s\000i\000o\000n}{}% 29
\BOOKMARK [1][-]{section.10}{\376\377\000C\000o\000n\000t\000r\000i\000b\000u\000t\000i\000o\000n}{}% 30
